<?xml version="1.0" encoding="UTF-8"?>
<!-- Generated by org.testng.reporters.JUnitReportReporter -->
<testsuite skipped="0" hostname="DESKTOP-TI2JN3C" name="Runners.TestRunner" tests="10" failures="0" timestamp="2022-05-14T17:54:16 EET" time="166.741" errors="0">
  <testcase name="runScenario" time="9.859" classname="Runners.TestRunner"/>
  <system-out/>
  <testcase name="runScenario" time="17.359" classname="Runners.TestRunner"/>
  <system-out/>
  <testcase name="runScenario" time="26.860" classname="Runners.TestRunner"/>
  <system-out/>
  <testcase name="runScenario" time="19.885" classname="Runners.TestRunner"/>
  <system-out/>
  <testcase name="runScenario" time="12.597" classname="Runners.TestRunner"/>
  <system-out/>
  <testcase name="runScenario" time="11.742" classname="Runners.TestRunner"/>
  <system-out/>
  <testcase name="runScenario" time="18.159" classname="Runners.TestRunner"/>
  <system-out/>
  <testcase name="runScenario" time="13.733" classname="Runners.TestRunner"/>
  <system-out/>
  <testcase name="runScenario" time="20.023" classname="Runners.TestRunner"/>
  <system-out/>
  <testcase name="runScenario" time="16.524" classname="Runners.TestRunner"/>
  <system-out/>
</testsuite> <!-- Runners.TestRunner -->
